<?xml version="1.0" encoding="windows-1252" standalone="no"?>
<!DOCTYPE log SYSTEM "logger.dtd">
<log>
<record>
  <date>2020-10-18T09:46:40.855382300Z</date>
  <millis>1603014400855</millis>
  <nanos>382300</nanos>
  <sequence>0</sequence>
  <logger>global</logger>
  <level>INFO</level>
  <class>seedu.duke.Duke</class>
  <method>run</method>
  <thread>1</thread>
  <message>Execution is beginning.</message>
</record>
<record>
  <date>2020-10-18T09:46:46.582537800Z</date>
  <millis>1603014406582</millis>
  <nanos>537800</nanos>
  <sequence>1</sequence>
  <logger>global</logger>
  <level>INFO</level>
  <class>seedu.duke.commands.ExitCommand</class>
  <method>execute</method>
  <thread>1</thread>
  <message>Changed flag to exit program.</message>
</record>
<record>
  <date>2020-10-18T09:46:46.615480500Z</date>
  <millis>1603014406615</millis>
  <nanos>480500</nanos>
  <sequence>2</sequence>
  <logger>global</logger>
  <level>INFO</level>
  <class>seedu.duke.Duke</class>
  <method>run</method>
  <thread>1</thread>
  <message>Execution has ended</message>
</record>
</log>
